May 28, 2012 2:32:59 AM org.apache.catalina.core.AprLifecycleListener init
INFO: The APR based Apache Tomcat Native library which allows optimal performance in production environments was not found on the java.library.path: /usr/lib/libreoffice/basis-link/ure-link/lib:/home/iventio/jodconverter-webapp-build/lib/hyperic-sigar-1.6.5/sigar-bin/lib
May 28, 2012 2:32:59 AM org.apache.coyote.http11.Http11Protocol init
SEVERE: Error initializing endpoint
java.net.BindException: Address already in use<null>:8080
	at org.apache.tomcat.util.net.JIoEndpoint.init(JIoEndpoint.java:502)
	at org.apache.coyote.http11.Http11Protocol.init(Http11Protocol.java:176)
	at org.apache.catalina.connector.Connector.initialize(Connector.java:1058)
	at org.apache.catalina.core.StandardService.initialize(StandardService.java:677)
	at org.apache.catalina.core.StandardServer.initialize(StandardServer.java:795)
	at org.apache.catalina.startup.Catalina.load(Catalina.java:530)
	at org.apache.catalina.startup.Catalina.load(Catalina.java:550)
	at sun.reflect.NativeMethodAccessorImpl.invoke0(Native Method)
	at sun.reflect.NativeMethodAccessorImpl.invoke(NativeMethodAccessorImpl.java:57)
	at sun.reflect.DelegatingMethodAccessorImpl.invoke(DelegatingMethodAccessorImpl.java:43)
	at java.lang.reflect.Method.invoke(Method.java:616)
	at org.apache.catalina.startup.Bootstrap.load(Bootstrap.java:260)
	at org.apache.catalina.startup.Bootstrap.main(Bootstrap.java:412)
May 28, 2012 2:32:59 AM org.apache.catalina.startup.Catalina load
SEVERE: Catalina.start
LifecycleException:  Protocol handler initialization failed: java.net.BindException: Address already in use<null>:8080
	at org.apache.catalina.connector.Connector.initialize(Connector.java:1060)
	at org.apache.catalina.core.StandardService.initialize(StandardService.java:677)
	at org.apache.catalina.core.StandardServer.initialize(StandardServer.java:795)
	at org.apache.catalina.startup.Catalina.load(Catalina.java:530)
	at org.apache.catalina.startup.Catalina.load(Catalina.java:550)
	at sun.reflect.NativeMethodAccessorImpl.invoke0(Native Method)
	at sun.reflect.NativeMethodAccessorImpl.invoke(NativeMethodAccessorImpl.java:57)
	at sun.reflect.DelegatingMethodAccessorImpl.invoke(DelegatingMethodAccessorImpl.java:43)
	at java.lang.reflect.Method.invoke(Method.java:616)
	at org.apache.catalina.startup.Bootstrap.load(Bootstrap.java:260)
	at org.apache.catalina.startup.Bootstrap.main(Bootstrap.java:412)
May 28, 2012 2:32:59 AM org.apache.catalina.startup.Catalina load
INFO: Initialization processed in 376 ms
May 28, 2012 2:32:59 AM org.apache.catalina.core.StandardService start
INFO: Starting service Catalina
May 28, 2012 2:32:59 AM org.apache.catalina.core.StandardEngine start
INFO: Starting Servlet Engine: Apache Tomcat/6.0.18
May 28, 2012 2:32:59 AM org.apache.catalina.startup.HostConfig deployWAR
INFO: Deploying web application archive converter.war
May 28, 2012 2:33:00 AM org.artofsolving.jodconverter.sample.web.WebappContext <init>
INFO: max file upload size set to 5242880
May 28, 2012 2:33:00 AM org.artofsolving.jodconverter.sample.web.WebappContext <init>
INFO: Set the PIPE Protocol successfully
May 28, 2012 2:33:00 AM org.artofsolving.jodconverter.sample.web.WebappContext <init>
INFO: java.library.path=/usr/lib/libreoffice/basis-link/ure-link/lib:/home/iventio/jodconverter-webapp-build/lib/hyperic-sigar-1.6.5/sigar-bin/lib
May 28, 2012 2:33:00 AM org.artofsolving.jodconverter.sample.web.WebappContext <init>
INFO: java.class.path=:/home/iventio/jodconverter-webapp-build/jodconverter-tomcat-2.2.2/bin/bootstrap.jar
May 28, 2012 2:33:00 AM org.artofsolving.jodconverter.sample.web.WebappContext <init>
INFO: Loaded
May 28, 2012 2:33:00 AM org.artofsolving.jodconverter.sample.web.WebappContext <init>
INFO: 3
May 28, 2012 2:33:00 AM org.artofsolving.jodconverter.sample.web.WebappContext <init>
INFO: 2000000
May 28, 2012 2:33:00 AM org.artofsolving.jodconverter.sample.web.WebappContext <init>
INFO: 300000
May 28, 2012 2:33:00 AM org.artofsolving.jodconverter.sample.web.WebappContext <init>
INFO: 200
May 28, 2012 2:33:00 AM org.artofsolving.jodconverter.office.ProcessPoolOfficeManager <init>
INFO: ProcessManager implementation is SigarProcessManager
May 28, 2012 2:33:00 AM org.artofsolving.jodconverter.office.OfficeProcess start
INFO: starting process with acceptString 'pipe,name=office1' and profileDir '/home/iventio/jodconverter-webapp-build/jodconverter-tomcat-2.2.2/temp/.jodconverter_pipe_name-office1'
May 28, 2012 2:33:00 AM org.artofsolving.jodconverter.office.OfficeProcess start
INFO: started process; pid = 7829
May 28, 2012 2:33:01 AM org.artofsolving.jodconverter.office.OfficeConnection connect
INFO: connected: 'pipe,name=office1'
May 28, 2012 2:33:01 AM org.artofsolving.jodconverter.office.OfficeProcess start
INFO: starting process with acceptString 'pipe,name=office2' and profileDir '/home/iventio/jodconverter-webapp-build/jodconverter-tomcat-2.2.2/temp/.jodconverter_pipe_name-office2'
May 28, 2012 2:33:01 AM org.artofsolving.jodconverter.office.OfficeProcess start
INFO: started process; pid = 7841
May 28, 2012 2:33:02 AM org.artofsolving.jodconverter.office.OfficeConnection connect
INFO: connected: 'pipe,name=office2'
May 28, 2012 2:33:02 AM org.artofsolving.jodconverter.office.OfficeProcess start
INFO: starting process with acceptString 'pipe,name=office3' and profileDir '/home/iventio/jodconverter-webapp-build/jodconverter-tomcat-2.2.2/temp/.jodconverter_pipe_name-office3'
May 28, 2012 2:33:02 AM org.artofsolving.jodconverter.office.OfficeProcess start
INFO: started process; pid = 7854
May 28, 2012 2:33:03 AM org.artofsolving.jodconverter.office.OfficeConnection connect
INFO: connected: 'pipe,name=office3'
May 28, 2012 2:33:03 AM org.apache.coyote.http11.Http11Protocol start
SEVERE: Error starting endpoint
java.net.BindException: Address already in use<null>:8080
	at org.apache.tomcat.util.net.JIoEndpoint.init(JIoEndpoint.java:502)
	at org.apache.tomcat.util.net.JIoEndpoint.start(JIoEndpoint.java:519)
	at org.apache.coyote.http11.Http11Protocol.start(Http11Protocol.java:203)
	at org.apache.catalina.connector.Connector.start(Connector.java:1131)
	at org.apache.catalina.core.StandardService.start(StandardService.java:531)
	at org.apache.catalina.core.StandardServer.start(StandardServer.java:710)
	at org.apache.catalina.startup.Catalina.start(Catalina.java:578)
	at sun.reflect.NativeMethodAccessorImpl.invoke0(Native Method)
	at sun.reflect.NativeMethodAccessorImpl.invoke(NativeMethodAccessorImpl.java:57)
	at sun.reflect.DelegatingMethodAccessorImpl.invoke(DelegatingMethodAccessorImpl.java:43)
	at java.lang.reflect.Method.invoke(Method.java:616)
	at org.apache.catalina.startup.Bootstrap.start(Bootstrap.java:288)
	at org.apache.catalina.startup.Bootstrap.main(Bootstrap.java:413)
May 28, 2012 2:33:03 AM org.apache.catalina.startup.Catalina start
SEVERE: Catalina.start: 
LifecycleException:  service.getName(): "Catalina";  Protocol handler start failed: java.net.BindException: Address already in use<null>:8080
	at org.apache.catalina.connector.Connector.start(Connector.java:1138)
	at org.apache.catalina.core.StandardService.start(StandardService.java:531)
	at org.apache.catalina.core.StandardServer.start(StandardServer.java:710)
	at org.apache.catalina.startup.Catalina.start(Catalina.java:578)
	at sun.reflect.NativeMethodAccessorImpl.invoke0(Native Method)
	at sun.reflect.NativeMethodAccessorImpl.invoke(NativeMethodAccessorImpl.java:57)
	at sun.reflect.DelegatingMethodAccessorImpl.invoke(DelegatingMethodAccessorImpl.java:43)
	at java.lang.reflect.Method.invoke(Method.java:616)
	at org.apache.catalina.startup.Bootstrap.start(Bootstrap.java:288)
	at org.apache.catalina.startup.Bootstrap.main(Bootstrap.java:413)
May 28, 2012 2:33:03 AM org.apache.catalina.startup.Catalina start
INFO: Server startup in 3582 ms
May 28, 2012 2:33:03 AM org.apache.catalina.core.StandardServer await
SEVERE: StandardServer.await: create[8005]: 
java.net.BindException: Address already in use
	at java.net.PlainSocketImpl.socketBind(Native Method)
	at java.net.AbstractPlainSocketImpl.bind(AbstractPlainSocketImpl.java:353)
	at java.net.ServerSocket.bind(ServerSocket.java:336)
	at java.net.ServerSocket.<init>(ServerSocket.java:202)
	at org.apache.catalina.core.StandardServer.await(StandardServer.java:373)
	at org.apache.catalina.startup.Catalina.await(Catalina.java:642)
	at org.apache.catalina.startup.Catalina.start(Catalina.java:602)
	at sun.reflect.NativeMethodAccessorImpl.invoke0(Native Method)
	at sun.reflect.NativeMethodAccessorImpl.invoke(NativeMethodAccessorImpl.java:57)
	at sun.reflect.DelegatingMethodAccessorImpl.invoke(DelegatingMethodAccessorImpl.java:43)
	at java.lang.reflect.Method.invoke(Method.java:616)
	at org.apache.catalina.startup.Bootstrap.start(Bootstrap.java:288)
	at org.apache.catalina.startup.Bootstrap.main(Bootstrap.java:413)
May 28, 2012 2:33:03 AM org.apache.coyote.http11.Http11Protocol pause
INFO: Pausing Coyote HTTP/1.1 on http-8080
May 28, 2012 2:33:03 AM org.apache.catalina.connector.Connector pause
SEVERE: Protocol handler pause failed
java.lang.NullPointerException
	at org.apache.jk.server.JkMain.pause(JkMain.java:679)
	at org.apache.jk.server.JkCoyoteHandler.pause(JkCoyoteHandler.java:153)
	at org.apache.catalina.connector.Connector.pause(Connector.java:1073)
	at org.apache.catalina.core.StandardService.stop(StandardService.java:563)
	at org.apache.catalina.core.StandardServer.stop(StandardServer.java:744)
	at org.apache.catalina.startup.Catalina.stop(Catalina.java:628)
	at org.apache.catalina.startup.Catalina$CatalinaShutdownHook.run(Catalina.java:671)
May 28, 2012 2:33:04 AM org.apache.catalina.core.StandardService stop
INFO: Stopping service Catalina
May 28, 2012 2:33:04 AM org.artofsolving.jodconverter.office.ProcessPoolOfficeManager stop
INFO: stopping
May 28, 2012 2:33:04 AM org.artofsolving.jodconverter.office.OfficeConnection$1 disposing
INFO: disconnected: 'pipe,name=office1'
May 28, 2012 2:33:04 AM org.artofsolving.jodconverter.office.ManagedOfficeProcess doEnsureProcessExited
INFO: process exited with code 0
May 28, 2012 2:33:04 AM org.artofsolving.jodconverter.office.OfficeConnection$1 disposing
INFO: disconnected: 'pipe,name=office2'
May 28, 2012 2:33:05 AM org.artofsolving.jodconverter.office.ManagedOfficeProcess doEnsureProcessExited
INFO: process exited with code 0
May 28, 2012 2:33:05 AM org.artofsolving.jodconverter.office.OfficeConnection$1 disposing
INFO: disconnected: 'pipe,name=office3'
May 28, 2012 2:33:05 AM org.artofsolving.jodconverter.office.ManagedOfficeProcess doEnsureProcessExited
INFO: process exited with code 0
May 28, 2012 2:33:05 AM org.artofsolving.jodconverter.office.ProcessPoolOfficeManager stop
INFO: stopped
May 28, 2012 2:33:05 AM org.apache.catalina.connector.MapperListener destroy
WARNING: Error unregistering MBeanServerDelegate
java.lang.NullPointerException
	at org.apache.catalina.connector.MapperListener.destroy(MapperListener.java:165)
	at org.apache.catalina.connector.Connector.stop(Connector.java:1179)
	at org.apache.catalina.core.StandardService.stop(StandardService.java:593)
	at org.apache.catalina.core.StandardServer.stop(StandardServer.java:744)
	at org.apache.catalina.startup.Catalina.stop(Catalina.java:628)
	at org.apache.catalina.startup.Catalina$CatalinaShutdownHook.run(Catalina.java:671)
May 28, 2012 2:33:05 AM org.apache.coyote.http11.Http11Protocol destroy
INFO: Stopping Coyote HTTP/1.1 on http-8080
May 28, 2012 2:33:05 AM org.apache.catalina.connector.Connector stop
SEVERE: Coyote connector has not been started
May 28, 2012 2:35:06 AM org.apache.catalina.core.AprLifecycleListener init
INFO: The APR based Apache Tomcat Native library which allows optimal performance in production environments was not found on the java.library.path: /usr/lib/libreoffice/basis-link/ure-link/lib:/home/iventio/jodconverter-webapp-build/lib/hyperic-sigar-1.6.5/sigar-bin/lib
May 28, 2012 2:35:06 AM org.apache.coyote.http11.Http11Protocol init
INFO: Initializing Coyote HTTP/1.1 on http-8080
May 28, 2012 2:35:06 AM org.apache.catalina.startup.Catalina load
INFO: Initialization processed in 332 ms
May 28, 2012 2:35:06 AM org.apache.catalina.core.StandardService start
INFO: Starting service Catalina
May 28, 2012 2:35:06 AM org.apache.catalina.core.StandardEngine start
INFO: Starting Servlet Engine: Apache Tomcat/6.0.18
May 28, 2012 2:35:06 AM org.apache.catalina.startup.HostConfig deployWAR
INFO: Deploying web application archive converter.war
May 28, 2012 2:35:06 AM org.artofsolving.jodconverter.sample.web.WebappContext <init>
INFO: max file upload size set to 5242880
May 28, 2012 2:35:06 AM org.artofsolving.jodconverter.sample.web.WebappContext <init>
INFO: Set the PIPE Protocol successfully
May 28, 2012 2:35:06 AM org.artofsolving.jodconverter.sample.web.WebappContext <init>
INFO: java.library.path=/usr/lib/libreoffice/basis-link/ure-link/lib:/home/iventio/jodconverter-webapp-build/lib/hyperic-sigar-1.6.5/sigar-bin/lib
May 28, 2012 2:35:06 AM org.artofsolving.jodconverter.sample.web.WebappContext <init>
INFO: java.class.path=:/home/iventio/jodconverter-webapp-build/jodconverter-tomcat-2.2.2/bin/bootstrap.jar
May 28, 2012 2:35:06 AM org.artofsolving.jodconverter.sample.web.WebappContext <init>
INFO: Loaded
May 28, 2012 2:35:06 AM org.artofsolving.jodconverter.sample.web.WebappContext <init>
INFO: 3
May 28, 2012 2:35:06 AM org.artofsolving.jodconverter.sample.web.WebappContext <init>
INFO: 2000000
May 28, 2012 2:35:06 AM org.artofsolving.jodconverter.sample.web.WebappContext <init>
INFO: 300000
May 28, 2012 2:35:06 AM org.artofsolving.jodconverter.sample.web.WebappContext <init>
INFO: 200
May 28, 2012 2:35:06 AM org.artofsolving.jodconverter.office.ProcessPoolOfficeManager <init>
INFO: ProcessManager implementation is SigarProcessManager
May 28, 2012 2:35:06 AM org.artofsolving.jodconverter.office.OfficeProcess start
INFO: starting process with acceptString 'pipe,name=office1' and profileDir '/home/iventio/jodconverter-webapp-build/jodconverter-tomcat-2.2.2/temp/.jodconverter_pipe_name-office1'
May 28, 2012 2:35:06 AM org.artofsolving.jodconverter.office.OfficeProcess start
INFO: started process; pid = 8064
May 28, 2012 2:35:08 AM org.artofsolving.jodconverter.office.OfficeConnection connect
INFO: connected: 'pipe,name=office1'
May 28, 2012 2:35:08 AM org.artofsolving.jodconverter.office.OfficeProcess start
INFO: starting process with acceptString 'pipe,name=office2' and profileDir '/home/iventio/jodconverter-webapp-build/jodconverter-tomcat-2.2.2/temp/.jodconverter_pipe_name-office2'
May 28, 2012 2:35:08 AM org.artofsolving.jodconverter.office.OfficeProcess start
INFO: started process; pid = 8077
May 28, 2012 2:35:09 AM org.artofsolving.jodconverter.office.OfficeConnection connect
INFO: connected: 'pipe,name=office2'
May 28, 2012 2:35:09 AM org.artofsolving.jodconverter.office.OfficeProcess start
INFO: starting process with acceptString 'pipe,name=office3' and profileDir '/home/iventio/jodconverter-webapp-build/jodconverter-tomcat-2.2.2/temp/.jodconverter_pipe_name-office3'
May 28, 2012 2:35:09 AM org.artofsolving.jodconverter.office.OfficeProcess start
INFO: started process; pid = 8090
May 28, 2012 2:35:10 AM org.artofsolving.jodconverter.office.OfficeConnection connect
INFO: connected: 'pipe,name=office3'
May 28, 2012 2:35:10 AM org.apache.coyote.http11.Http11Protocol start
INFO: Starting Coyote HTTP/1.1 on http-8080
May 28, 2012 2:35:10 AM org.apache.jk.common.ChannelSocket init
INFO: JK: ajp13 listening on /0.0.0.0:8009
May 28, 2012 2:35:10 AM org.apache.jk.server.JkMain start
INFO: Jk running ID=0 time=0/15  config=null
May 28, 2012 2:35:10 AM org.apache.catalina.startup.Catalina start
INFO: Server startup in 3907 ms
May 28, 2012 2:38:01 AM org.apache.coyote.http11.Http11Protocol pause
INFO: Pausing Coyote HTTP/1.1 on http-8080
May 28, 2012 2:38:02 AM org.apache.catalina.core.StandardService stop
INFO: Stopping service Catalina
May 28, 2012 2:38:02 AM org.artofsolving.jodconverter.office.ProcessPoolOfficeManager stop
INFO: stopping
May 28, 2012 2:38:02 AM org.artofsolving.jodconverter.office.OfficeConnection$1 disposing
INFO: disconnected: 'pipe,name=office1'
May 28, 2012 2:38:02 AM org.artofsolving.jodconverter.office.ManagedOfficeProcess doEnsureProcessExited
INFO: process exited with code 0
May 28, 2012 2:38:02 AM org.artofsolving.jodconverter.office.OfficeConnection$1 disposing
INFO: disconnected: 'pipe,name=office2'
May 28, 2012 2:38:02 AM org.artofsolving.jodconverter.office.ManagedOfficeProcess doEnsureProcessExited
INFO: process exited with code 0
May 28, 2012 2:38:02 AM org.artofsolving.jodconverter.office.OfficeConnection$1 disposing
INFO: disconnected: 'pipe,name=office3'
May 28, 2012 2:38:03 AM org.artofsolving.jodconverter.office.ManagedOfficeProcess doEnsureProcessExited
INFO: process exited with code 0
May 28, 2012 2:38:03 AM org.artofsolving.jodconverter.office.ProcessPoolOfficeManager stop
INFO: stopped
May 28, 2012 2:38:03 AM org.apache.coyote.http11.Http11Protocol destroy
INFO: Stopping Coyote HTTP/1.1 on http-8080
May 28, 2012 2:38:08 AM org.apache.catalina.core.AprLifecycleListener init
INFO: The APR based Apache Tomcat Native library which allows optimal performance in production environments was not found on the java.library.path: /usr/lib/libreoffice/basis-link/ure-link/lib:/home/iventio/jodconverter-webapp-build/lib/hyperic-sigar-1.6.5/sigar-bin/lib
May 28, 2012 2:38:08 AM org.apache.coyote.http11.Http11Protocol init
INFO: Initializing Coyote HTTP/1.1 on http-8080
May 28, 2012 2:38:08 AM org.apache.catalina.startup.Catalina load
INFO: Initialization processed in 378 ms
May 28, 2012 2:38:08 AM org.apache.catalina.core.StandardService start
INFO: Starting service Catalina
May 28, 2012 2:38:08 AM org.apache.catalina.core.StandardEngine start
INFO: Starting Servlet Engine: Apache Tomcat/6.0.18
May 28, 2012 2:38:08 AM org.apache.catalina.startup.HostConfig deployWAR
INFO: Deploying web application archive converter.war
May 28, 2012 2:38:08 AM org.artofsolving.jodconverter.sample.web.WebappContext <init>
INFO: max file upload size set to 5242880
May 28, 2012 2:38:08 AM org.artofsolving.jodconverter.sample.web.WebappContext <init>
INFO: Set the PIPE Protocol successfully
May 28, 2012 2:38:08 AM org.artofsolving.jodconverter.sample.web.WebappContext <init>
INFO: java.library.path=/usr/lib/libreoffice/basis-link/ure-link/lib:/home/iventio/jodconverter-webapp-build/lib/hyperic-sigar-1.6.5/sigar-bin/lib
May 28, 2012 2:38:08 AM org.artofsolving.jodconverter.sample.web.WebappContext <init>
INFO: java.class.path=:/home/iventio/jodconverter-webapp-build/jodconverter-tomcat-2.2.2/bin/bootstrap.jar
May 28, 2012 2:38:08 AM org.artofsolving.jodconverter.sample.web.WebappContext <init>
INFO: Loaded
May 28, 2012 2:38:08 AM org.artofsolving.jodconverter.sample.web.WebappContext <init>
INFO: 3
May 28, 2012 2:38:08 AM org.artofsolving.jodconverter.sample.web.WebappContext <init>
INFO: 2000000
May 28, 2012 2:38:08 AM org.artofsolving.jodconverter.sample.web.WebappContext <init>
INFO: 300000
May 28, 2012 2:38:08 AM org.artofsolving.jodconverter.sample.web.WebappContext <init>
INFO: 200
May 28, 2012 2:38:08 AM org.artofsolving.jodconverter.office.ProcessPoolOfficeManager <init>
INFO: ProcessManager implementation is SigarProcessManager
May 28, 2012 2:38:08 AM org.artofsolving.jodconverter.office.OfficeProcess start
INFO: starting process with acceptString 'pipe,name=office1' and profileDir '/home/iventio/jodconverter-webapp-build/jodconverter-tomcat-2.2.2/temp/.jodconverter_pipe_name-office1'
May 28, 2012 2:38:08 AM org.artofsolving.jodconverter.office.OfficeProcess start
INFO: started process; pid = 8295
May 28, 2012 2:38:10 AM org.artofsolving.jodconverter.office.OfficeConnection connect
INFO: connected: 'pipe,name=office1'
May 28, 2012 2:38:10 AM org.artofsolving.jodconverter.office.OfficeProcess start
INFO: starting process with acceptString 'pipe,name=office2' and profileDir '/home/iventio/jodconverter-webapp-build/jodconverter-tomcat-2.2.2/temp/.jodconverter_pipe_name-office2'
May 28, 2012 2:38:10 AM org.artofsolving.jodconverter.office.OfficeProcess start
INFO: started process; pid = 8307
May 28, 2012 2:38:11 AM org.artofsolving.jodconverter.office.OfficeConnection connect
INFO: connected: 'pipe,name=office2'
May 28, 2012 2:38:11 AM org.artofsolving.jodconverter.office.OfficeProcess start
INFO: starting process with acceptString 'pipe,name=office3' and profileDir '/home/iventio/jodconverter-webapp-build/jodconverter-tomcat-2.2.2/temp/.jodconverter_pipe_name-office3'
May 28, 2012 2:38:11 AM org.artofsolving.jodconverter.office.OfficeProcess start
INFO: started process; pid = 8319
May 28, 2012 2:38:12 AM org.artofsolving.jodconverter.office.OfficeConnection connect
INFO: connected: 'pipe,name=office3'
May 28, 2012 2:38:12 AM org.apache.coyote.http11.Http11Protocol start
INFO: Starting Coyote HTTP/1.1 on http-8080
May 28, 2012 2:38:12 AM org.apache.jk.common.ChannelSocket init
INFO: JK: ajp13 listening on /0.0.0.0:8009
May 28, 2012 2:38:12 AM org.apache.jk.server.JkMain start
INFO: Jk running ID=0 time=0/13  config=null
May 28, 2012 2:38:12 AM org.apache.catalina.startup.Catalina start
INFO: Server startup in 3661 ms
May 28, 2012 2:38:30 AM org.apache.coyote.http11.Http11Protocol pause
INFO: Pausing Coyote HTTP/1.1 on http-8080
May 28, 2012 2:38:31 AM org.apache.catalina.core.StandardService stop
INFO: Stopping service Catalina
May 28, 2012 2:38:31 AM org.artofsolving.jodconverter.office.ProcessPoolOfficeManager stop
INFO: stopping
May 28, 2012 2:38:31 AM org.artofsolving.jodconverter.office.OfficeConnection$1 disposing
INFO: disconnected: 'pipe,name=office1'
May 28, 2012 2:38:32 AM org.artofsolving.jodconverter.office.ManagedOfficeProcess doEnsureProcessExited
INFO: process exited with code 0
May 28, 2012 2:38:32 AM org.artofsolving.jodconverter.office.OfficeConnection$1 disposing
INFO: disconnected: 'pipe,name=office2'
May 28, 2012 2:38:32 AM org.artofsolving.jodconverter.office.ManagedOfficeProcess doEnsureProcessExited
INFO: process exited with code 0
May 28, 2012 2:38:32 AM org.artofsolving.jodconverter.office.OfficeConnection$1 disposing
INFO: disconnected: 'pipe,name=office3'
May 28, 2012 2:38:32 AM org.artofsolving.jodconverter.office.ManagedOfficeProcess doEnsureProcessExited
INFO: process exited with code 0
May 28, 2012 2:38:32 AM org.artofsolving.jodconverter.office.ProcessPoolOfficeManager stop
INFO: stopped
May 28, 2012 2:38:32 AM org.apache.coyote.http11.Http11Protocol destroy
INFO: Stopping Coyote HTTP/1.1 on http-8080
May 28, 2012 2:38:37 AM org.apache.catalina.core.AprLifecycleListener init
INFO: The APR based Apache Tomcat Native library which allows optimal performance in production environments was not found on the java.library.path: /usr/lib/libreoffice/basis-link/ure-link/lib:/home/iventio/jodconverter-webapp-build/lib/hyperic-sigar-1.6.5/sigar-bin/lib
May 28, 2012 2:38:37 AM org.apache.coyote.http11.Http11Protocol init
INFO: Initializing Coyote HTTP/1.1 on http-8080
May 28, 2012 2:38:37 AM org.apache.catalina.startup.Catalina load
INFO: Initialization processed in 385 ms
May 28, 2012 2:38:37 AM org.apache.catalina.core.StandardService start
INFO: Starting service Catalina
May 28, 2012 2:38:37 AM org.apache.catalina.core.StandardEngine start
INFO: Starting Servlet Engine: Apache Tomcat/6.0.18
May 28, 2012 2:38:37 AM org.apache.catalina.startup.HostConfig deployWAR
INFO: Deploying web application archive converter.war
May 28, 2012 2:38:37 AM org.artofsolving.jodconverter.sample.web.WebappContext <init>
INFO: max file upload size set to 5242880
May 28, 2012 2:38:37 AM org.artofsolving.jodconverter.sample.web.WebappContext <init>
INFO: Set the PIPE Protocol successfully
May 28, 2012 2:38:37 AM org.artofsolving.jodconverter.sample.web.WebappContext <init>
INFO: java.library.path=/usr/lib/libreoffice/basis-link/ure-link/lib:/home/iventio/jodconverter-webapp-build/lib/hyperic-sigar-1.6.5/sigar-bin/lib
May 28, 2012 2:38:37 AM org.artofsolving.jodconverter.sample.web.WebappContext <init>
INFO: java.class.path=:/home/iventio/jodconverter-webapp-build/jodconverter-tomcat-2.2.2/bin/bootstrap.jar
May 28, 2012 2:38:37 AM org.artofsolving.jodconverter.sample.web.WebappContext <init>
INFO: Loaded
May 28, 2012 2:38:37 AM org.artofsolving.jodconverter.sample.web.WebappContext <init>
INFO: 3
May 28, 2012 2:38:37 AM org.artofsolving.jodconverter.sample.web.WebappContext <init>
INFO: 2000000
May 28, 2012 2:38:37 AM org.artofsolving.jodconverter.sample.web.WebappContext <init>
INFO: 300000
May 28, 2012 2:38:37 AM org.artofsolving.jodconverter.sample.web.WebappContext <init>
INFO: 200
May 28, 2012 2:38:37 AM org.artofsolving.jodconverter.office.ProcessPoolOfficeManager <init>
INFO: ProcessManager implementation is SigarProcessManager
May 28, 2012 2:38:37 AM org.artofsolving.jodconverter.office.OfficeProcess start
INFO: starting process with acceptString 'pipe,name=office1' and profileDir '/home/iventio/jodconverter-webapp-build/jodconverter-tomcat-2.2.2/temp/.jodconverter_pipe_name-office1'
May 28, 2012 2:38:37 AM org.artofsolving.jodconverter.office.OfficeProcess start
INFO: started process; pid = 8483
May 28, 2012 2:38:38 AM org.artofsolving.jodconverter.office.OfficeConnection connect
INFO: connected: 'pipe,name=office1'
May 28, 2012 2:38:38 AM org.artofsolving.jodconverter.office.OfficeProcess start
INFO: starting process with acceptString 'pipe,name=office2' and profileDir '/home/iventio/jodconverter-webapp-build/jodconverter-tomcat-2.2.2/temp/.jodconverter_pipe_name-office2'
May 28, 2012 2:38:38 AM org.artofsolving.jodconverter.office.OfficeProcess start
INFO: started process; pid = 8495
May 28, 2012 2:38:39 AM org.artofsolving.jodconverter.office.OfficeConnection connect
INFO: connected: 'pipe,name=office2'
May 28, 2012 2:38:39 AM org.artofsolving.jodconverter.office.OfficeProcess start
INFO: starting process with acceptString 'pipe,name=office3' and profileDir '/home/iventio/jodconverter-webapp-build/jodconverter-tomcat-2.2.2/temp/.jodconverter_pipe_name-office3'
May 28, 2012 2:38:39 AM org.artofsolving.jodconverter.office.OfficeProcess start
INFO: started process; pid = 8507
May 28, 2012 2:38:40 AM org.artofsolving.jodconverter.office.OfficeConnection connect
INFO: connected: 'pipe,name=office3'
May 28, 2012 2:38:41 AM org.apache.coyote.http11.Http11Protocol start
INFO: Starting Coyote HTTP/1.1 on http-8080
May 28, 2012 2:38:41 AM org.apache.jk.common.ChannelSocket init
INFO: JK: ajp13 listening on /0.0.0.0:8009
May 28, 2012 2:38:41 AM org.apache.jk.server.JkMain start
INFO: Jk running ID=0 time=0/16  config=null
May 28, 2012 2:38:41 AM org.apache.catalina.startup.Catalina start
INFO: Server startup in 3769 ms
May 28, 2012 2:40:07 AM org.apache.coyote.http11.Http11Protocol pause
INFO: Pausing Coyote HTTP/1.1 on http-8080
May 28, 2012 2:40:08 AM org.apache.catalina.core.StandardService stop
INFO: Stopping service Catalina
May 28, 2012 2:40:08 AM org.artofsolving.jodconverter.office.ProcessPoolOfficeManager stop
INFO: stopping
May 28, 2012 2:40:08 AM org.artofsolving.jodconverter.office.OfficeConnection$1 disposing
INFO: disconnected: 'pipe,name=office1'
May 28, 2012 2:40:08 AM org.artofsolving.jodconverter.office.ManagedOfficeProcess doEnsureProcessExited
INFO: process exited with code 0
May 28, 2012 2:40:08 AM org.artofsolving.jodconverter.office.OfficeConnection$1 disposing
INFO: disconnected: 'pipe,name=office2'
May 28, 2012 2:40:08 AM org.artofsolving.jodconverter.office.ManagedOfficeProcess doEnsureProcessExited
INFO: process exited with code 0
May 28, 2012 2:40:08 AM org.artofsolving.jodconverter.office.OfficeConnection$1 disposing
INFO: disconnected: 'pipe,name=office3'
May 28, 2012 2:40:08 AM org.artofsolving.jodconverter.office.ManagedOfficeProcess doEnsureProcessExited
INFO: process exited with code 0
May 28, 2012 2:40:08 AM org.artofsolving.jodconverter.office.ProcessPoolOfficeManager stop
INFO: stopped
May 28, 2012 2:40:08 AM org.apache.coyote.http11.Http11Protocol destroy
INFO: Stopping Coyote HTTP/1.1 on http-8080
May 28, 2012 2:40:14 AM org.apache.catalina.core.AprLifecycleListener init
INFO: The APR based Apache Tomcat Native library which allows optimal performance in production environments was not found on the java.library.path: /usr/lib/libreoffice/basis-link/ure-link/lib:/home/iventio/jodconverter-webapp-build/lib/hyperic-sigar-1.6.5/sigar-bin/lib
May 28, 2012 2:40:14 AM org.apache.coyote.http11.Http11Protocol init
INFO: Initializing Coyote HTTP/1.1 on http-8080
May 28, 2012 2:40:14 AM org.apache.catalina.startup.Catalina load
INFO: Initialization processed in 383 ms
May 28, 2012 2:40:14 AM org.apache.catalina.core.StandardService start
INFO: Starting service Catalina
May 28, 2012 2:40:14 AM org.apache.catalina.core.StandardEngine start
INFO: Starting Servlet Engine: Apache Tomcat/6.0.18
May 28, 2012 2:40:14 AM org.apache.catalina.startup.HostConfig deployWAR
INFO: Deploying web application archive converter.war
May 28, 2012 2:40:14 AM org.artofsolving.jodconverter.sample.web.WebappContext <init>
INFO: max file upload size set to 5242880
May 28, 2012 2:40:14 AM org.artofsolving.jodconverter.sample.web.WebappContext <init>
INFO: Set the PIPE Protocol successfully
May 28, 2012 2:40:14 AM org.artofsolving.jodconverter.sample.web.WebappContext <init>
INFO: java.library.path=/usr/lib/libreoffice/basis-link/ure-link/lib:/home/iventio/jodconverter-webapp-build/lib/hyperic-sigar-1.6.5/sigar-bin/lib
May 28, 2012 2:40:14 AM org.artofsolving.jodconverter.sample.web.WebappContext <init>
INFO: java.class.path=:/home/iventio/jodconverter-webapp-build/jodconverter-tomcat-2.2.2/bin/bootstrap.jar
May 28, 2012 2:40:14 AM org.artofsolving.jodconverter.sample.web.WebappContext <init>
INFO: Loaded
May 28, 2012 2:40:14 AM org.artofsolving.jodconverter.sample.web.WebappContext <init>
INFO: 3
May 28, 2012 2:40:14 AM org.artofsolving.jodconverter.sample.web.WebappContext <init>
INFO: 2000000
May 28, 2012 2:40:14 AM org.artofsolving.jodconverter.sample.web.WebappContext <init>
INFO: 300000
May 28, 2012 2:40:14 AM org.artofsolving.jodconverter.sample.web.WebappContext <init>
INFO: 200
May 28, 2012 2:40:14 AM org.artofsolving.jodconverter.office.ProcessPoolOfficeManager <init>
INFO: ProcessManager implementation is SigarProcessManager
May 28, 2012 2:40:14 AM org.artofsolving.jodconverter.office.OfficeProcess start
INFO: starting process with acceptString 'pipe,name=office1' and profileDir '/home/iventio/jodconverter-webapp-build/jodconverter-tomcat-2.2.2/temp/.jodconverter_pipe_name-office1'
May 28, 2012 2:40:14 AM org.artofsolving.jodconverter.office.OfficeProcess start
INFO: started process; pid = 8688
May 28, 2012 2:40:15 AM org.artofsolving.jodconverter.office.OfficeConnection connect
INFO: connected: 'pipe,name=office1'
May 28, 2012 2:40:15 AM org.artofsolving.jodconverter.office.OfficeProcess start
INFO: starting process with acceptString 'pipe,name=office2' and profileDir '/home/iventio/jodconverter-webapp-build/jodconverter-tomcat-2.2.2/temp/.jodconverter_pipe_name-office2'
May 28, 2012 2:40:16 AM org.artofsolving.jodconverter.office.OfficeProcess start
INFO: started process; pid = 8700
May 28, 2012 2:40:17 AM org.artofsolving.jodconverter.office.OfficeConnection connect
INFO: connected: 'pipe,name=office2'
May 28, 2012 2:40:17 AM org.artofsolving.jodconverter.office.OfficeProcess start
INFO: starting process with acceptString 'pipe,name=office3' and profileDir '/home/iventio/jodconverter-webapp-build/jodconverter-tomcat-2.2.2/temp/.jodconverter_pipe_name-office3'
May 28, 2012 2:40:17 AM org.artofsolving.jodconverter.office.OfficeProcess start
INFO: started process; pid = 8712
May 28, 2012 2:40:18 AM org.artofsolving.jodconverter.office.OfficeConnection connect
INFO: connected: 'pipe,name=office3'
May 28, 2012 2:40:18 AM org.apache.coyote.http11.Http11Protocol start
INFO: Starting Coyote HTTP/1.1 on http-8080
May 28, 2012 2:40:18 AM org.apache.jk.common.ChannelSocket init
INFO: JK: ajp13 listening on /0.0.0.0:8009
May 28, 2012 2:40:18 AM org.apache.jk.server.JkMain start
INFO: Jk running ID=0 time=0/15  config=null
May 28, 2012 2:40:18 AM org.apache.catalina.startup.Catalina start
INFO: Server startup in 3663 ms
May 28, 2012 2:40:37 AM org.apache.coyote.http11.Http11Protocol pause
INFO: Pausing Coyote HTTP/1.1 on http-8080
May 28, 2012 2:40:38 AM org.apache.catalina.core.StandardService stop
INFO: Stopping service Catalina
May 28, 2012 2:40:38 AM org.artofsolving.jodconverter.office.ProcessPoolOfficeManager stop
INFO: stopping
May 28, 2012 2:40:38 AM org.artofsolving.jodconverter.office.OfficeConnection$1 disposing
INFO: disconnected: 'pipe,name=office1'
May 28, 2012 2:40:39 AM org.artofsolving.jodconverter.office.ManagedOfficeProcess doEnsureProcessExited
INFO: process exited with code 0
May 28, 2012 2:40:39 AM org.artofsolving.jodconverter.office.OfficeConnection$1 disposing
INFO: disconnected: 'pipe,name=office2'
May 28, 2012 2:40:39 AM org.artofsolving.jodconverter.office.ManagedOfficeProcess doEnsureProcessExited
INFO: process exited with code 0
May 28, 2012 2:40:39 AM org.artofsolving.jodconverter.office.OfficeConnection$1 disposing
INFO: disconnected: 'pipe,name=office3'
May 28, 2012 2:40:39 AM org.artofsolving.jodconverter.office.ManagedOfficeProcess doEnsureProcessExited
INFO: process exited with code 0
May 28, 2012 2:40:39 AM org.artofsolving.jodconverter.office.ProcessPoolOfficeManager stop
INFO: stopped
May 28, 2012 2:40:39 AM org.apache.coyote.http11.Http11Protocol destroy
INFO: Stopping Coyote HTTP/1.1 on http-8080
May 28, 2012 2:40:40 AM org.apache.catalina.core.AprLifecycleListener init
INFO: The APR based Apache Tomcat Native library which allows optimal performance in production environments was not found on the java.library.path: /usr/lib/libreoffice/basis-link/ure-link/lib:/home/iventio/jodconverter-webapp-build/lib/hyperic-sigar-1.6.5/sigar-bin/lib
May 28, 2012 2:40:40 AM org.apache.coyote.http11.Http11Protocol init
INFO: Initializing Coyote HTTP/1.1 on http-8080
May 28, 2012 2:40:40 AM org.apache.catalina.startup.Catalina load
INFO: Initialization processed in 391 ms
May 28, 2012 2:40:40 AM org.apache.catalina.core.StandardService start
INFO: Starting service Catalina
May 28, 2012 2:40:40 AM org.apache.catalina.core.StandardEngine start
INFO: Starting Servlet Engine: Apache Tomcat/6.0.18
May 28, 2012 2:40:40 AM org.apache.catalina.startup.HostConfig deployWAR
INFO: Deploying web application archive converter.war
May 28, 2012 2:40:40 AM org.artofsolving.jodconverter.sample.web.WebappContext <init>
INFO: max file upload size set to 5242880
May 28, 2012 2:40:40 AM org.artofsolving.jodconverter.sample.web.WebappContext <init>
INFO: Set the PIPE Protocol successfully
May 28, 2012 2:40:40 AM org.artofsolving.jodconverter.sample.web.WebappContext <init>
INFO: java.library.path=/usr/lib/libreoffice/basis-link/ure-link/lib:/home/iventio/jodconverter-webapp-build/lib/hyperic-sigar-1.6.5/sigar-bin/lib
May 28, 2012 2:40:40 AM org.artofsolving.jodconverter.sample.web.WebappContext <init>
INFO: java.class.path=:/home/iventio/jodconverter-webapp-build/jodconverter-tomcat-2.2.2/bin/bootstrap.jar
May 28, 2012 2:40:40 AM org.artofsolving.jodconverter.sample.web.WebappContext <init>
INFO: Loaded
May 28, 2012 2:40:40 AM org.artofsolving.jodconverter.sample.web.WebappContext <init>
INFO: 3
May 28, 2012 2:40:40 AM org.artofsolving.jodconverter.sample.web.WebappContext <init>
INFO: 2000000
May 28, 2012 2:40:40 AM org.artofsolving.jodconverter.sample.web.WebappContext <init>
INFO: 300000
May 28, 2012 2:40:40 AM org.artofsolving.jodconverter.sample.web.WebappContext <init>
INFO: 200
May 28, 2012 2:40:40 AM org.artofsolving.jodconverter.office.ProcessPoolOfficeManager <init>
INFO: ProcessManager implementation is SigarProcessManager
May 28, 2012 2:40:40 AM org.artofsolving.jodconverter.office.OfficeProcess start
INFO: starting process with acceptString 'pipe,name=office1' and profileDir '/home/iventio/jodconverter-webapp-build/jodconverter-tomcat-2.2.2/temp/.jodconverter_pipe_name-office1'
May 28, 2012 2:40:40 AM org.artofsolving.jodconverter.office.OfficeProcess start
INFO: started process; pid = 8898
May 28, 2012 2:40:41 AM org.artofsolving.jodconverter.office.OfficeConnection connect
INFO: connected: 'pipe,name=office1'
May 28, 2012 2:40:41 AM org.artofsolving.jodconverter.office.OfficeProcess start
INFO: starting process with acceptString 'pipe,name=office2' and profileDir '/home/iventio/jodconverter-webapp-build/jodconverter-tomcat-2.2.2/temp/.jodconverter_pipe_name-office2'
May 28, 2012 2:40:41 AM org.artofsolving.jodconverter.office.OfficeProcess start
INFO: started process; pid = 8910
May 28, 2012 2:40:42 AM org.artofsolving.jodconverter.office.OfficeConnection connect
INFO: connected: 'pipe,name=office2'
May 28, 2012 2:40:42 AM org.artofsolving.jodconverter.office.OfficeProcess start
INFO: starting process with acceptString 'pipe,name=office3' and profileDir '/home/iventio/jodconverter-webapp-build/jodconverter-tomcat-2.2.2/temp/.jodconverter_pipe_name-office3'
May 28, 2012 2:40:42 AM org.artofsolving.jodconverter.office.OfficeProcess start
INFO: started process; pid = 8922
May 28, 2012 2:40:43 AM org.artofsolving.jodconverter.office.OfficeConnection connect
INFO: connected: 'pipe,name=office3'
May 28, 2012 2:40:43 AM org.apache.coyote.http11.Http11Protocol start
INFO: Starting Coyote HTTP/1.1 on http-8080
May 28, 2012 2:40:43 AM org.apache.jk.common.ChannelSocket init
INFO: JK: ajp13 listening on /0.0.0.0:8009
May 28, 2012 2:40:43 AM org.apache.jk.server.JkMain start
INFO: Jk running ID=0 time=0/15  config=null
May 28, 2012 2:40:43 AM org.apache.catalina.startup.Catalina start
INFO: Server startup in 3695 ms
May 28, 2012 2:41:22 AM org.apache.coyote.http11.Http11Protocol pause
INFO: Pausing Coyote HTTP/1.1 on http-8080
May 28, 2012 2:41:23 AM org.apache.catalina.core.StandardService stop
INFO: Stopping service Catalina
May 28, 2012 2:41:23 AM org.artofsolving.jodconverter.office.ProcessPoolOfficeManager stop
INFO: stopping
May 28, 2012 2:41:23 AM org.artofsolving.jodconverter.office.OfficeConnection$1 disposing
INFO: disconnected: 'pipe,name=office1'
May 28, 2012 2:41:24 AM org.artofsolving.jodconverter.office.ManagedOfficeProcess doEnsureProcessExited
INFO: process exited with code 0
May 28, 2012 2:41:24 AM org.artofsolving.jodconverter.office.OfficeConnection$1 disposing
INFO: disconnected: 'pipe,name=office2'
May 28, 2012 2:41:24 AM org.artofsolving.jodconverter.office.ManagedOfficeProcess doEnsureProcessExited
INFO: process exited with code 0
May 28, 2012 2:41:24 AM org.artofsolving.jodconverter.office.OfficeConnection$1 disposing
INFO: disconnected: 'pipe,name=office3'
May 28, 2012 2:41:24 AM org.artofsolving.jodconverter.office.ManagedOfficeProcess doEnsureProcessExited
INFO: process exited with code 0
May 28, 2012 2:41:24 AM org.artofsolving.jodconverter.office.ProcessPoolOfficeManager stop
INFO: stopped
May 28, 2012 2:41:24 AM org.apache.coyote.http11.Http11Protocol destroy
INFO: Stopping Coyote HTTP/1.1 on http-8080
May 28, 2012 2:41:28 AM org.apache.catalina.core.AprLifecycleListener init
INFO: The APR based Apache Tomcat Native library which allows optimal performance in production environments was not found on the java.library.path: /usr/lib/libreoffice/basis-link/ure-link/lib:/home/iventio/jodconverter-webapp-build/lib/hyperic-sigar-1.6.5/sigar-bin/lib
May 28, 2012 2:41:28 AM org.apache.coyote.http11.Http11Protocol init
INFO: Initializing Coyote HTTP/1.1 on http-8080
May 28, 2012 2:41:28 AM org.apache.catalina.startup.Catalina load
INFO: Initialization processed in 377 ms
May 28, 2012 2:41:28 AM org.apache.catalina.core.StandardService start
INFO: Starting service Catalina
May 28, 2012 2:41:28 AM org.apache.catalina.core.StandardEngine start
INFO: Starting Servlet Engine: Apache Tomcat/6.0.18
May 28, 2012 2:41:28 AM org.apache.catalina.startup.HostConfig deployWAR
INFO: Deploying web application archive converter.war
May 28, 2012 2:41:29 AM org.artofsolving.jodconverter.sample.web.WebappContext <init>
INFO: max file upload size set to 5242880
May 28, 2012 2:41:29 AM org.artofsolving.jodconverter.sample.web.WebappContext <init>
INFO: Set the PIPE Protocol successfully
May 28, 2012 2:41:29 AM org.artofsolving.jodconverter.sample.web.WebappContext <init>
INFO: java.library.path=/usr/lib/libreoffice/basis-link/ure-link/lib:/home/iventio/jodconverter-webapp-build/lib/hyperic-sigar-1.6.5/sigar-bin/lib
May 28, 2012 2:41:29 AM org.artofsolving.jodconverter.sample.web.WebappContext <init>
INFO: java.class.path=:/home/iventio/jodconverter-webapp-build/jodconverter-tomcat-2.2.2/bin/bootstrap.jar
May 28, 2012 2:41:29 AM org.artofsolving.jodconverter.sample.web.WebappContext <init>
INFO: Loaded
May 28, 2012 2:41:29 AM org.artofsolving.jodconverter.sample.web.WebappContext <init>
INFO: 3
May 28, 2012 2:41:29 AM org.artofsolving.jodconverter.sample.web.WebappContext <init>
INFO: 2000000
May 28, 2012 2:41:29 AM org.artofsolving.jodconverter.sample.web.WebappContext <init>
INFO: 300000
May 28, 2012 2:41:29 AM org.artofsolving.jodconverter.sample.web.WebappContext <init>
INFO: 200
May 28, 2012 2:41:29 AM org.artofsolving.jodconverter.office.ProcessPoolOfficeManager <init>
INFO: ProcessManager implementation is SigarProcessManager
May 28, 2012 2:41:29 AM org.artofsolving.jodconverter.office.OfficeProcess start
INFO: starting process with acceptString 'pipe,name=office1' and profileDir '/home/iventio/jodconverter-webapp-build/jodconverter-tomcat-2.2.2/temp/.jodconverter_pipe_name-office1'
May 28, 2012 2:41:29 AM org.artofsolving.jodconverter.office.OfficeProcess start
INFO: started process; pid = 9094
May 28, 2012 2:41:30 AM org.artofsolving.jodconverter.office.OfficeConnection connect
INFO: connected: 'pipe,name=office1'
May 28, 2012 2:41:30 AM org.artofsolving.jodconverter.office.OfficeProcess start
INFO: starting process with acceptString 'pipe,name=office2' and profileDir '/home/iventio/jodconverter-webapp-build/jodconverter-tomcat-2.2.2/temp/.jodconverter_pipe_name-office2'
May 28, 2012 2:41:30 AM org.artofsolving.jodconverter.office.OfficeProcess start
INFO: started process; pid = 9106
May 28, 2012 2:41:31 AM org.artofsolving.jodconverter.office.OfficeConnection connect
INFO: connected: 'pipe,name=office2'
May 28, 2012 2:41:31 AM org.artofsolving.jodconverter.office.OfficeProcess start
INFO: starting process with acceptString 'pipe,name=office3' and profileDir '/home/iventio/jodconverter-webapp-build/jodconverter-tomcat-2.2.2/temp/.jodconverter_pipe_name-office3'
May 28, 2012 2:41:31 AM org.artofsolving.jodconverter.office.OfficeProcess start
INFO: started process; pid = 9118
May 28, 2012 2:41:32 AM org.artofsolving.jodconverter.office.OfficeConnection connect
INFO: connected: 'pipe,name=office3'
May 28, 2012 2:41:32 AM org.apache.coyote.http11.Http11Protocol start
INFO: Starting Coyote HTTP/1.1 on http-8080
May 28, 2012 2:41:32 AM org.apache.jk.common.ChannelSocket init
INFO: JK: ajp13 listening on /0.0.0.0:8009
May 28, 2012 2:41:32 AM org.apache.jk.server.JkMain start
INFO: Jk running ID=0 time=0/14  config=null
May 28, 2012 2:41:32 AM org.apache.catalina.startup.Catalina start
INFO: Server startup in 3670 ms
May 28, 2012 2:41:57 AM org.apache.coyote.http11.Http11Protocol pause
INFO: Pausing Coyote HTTP/1.1 on http-8080
May 28, 2012 2:41:58 AM org.apache.catalina.core.StandardService stop
INFO: Stopping service Catalina
May 28, 2012 2:41:58 AM org.artofsolving.jodconverter.office.ProcessPoolOfficeManager stop
INFO: stopping
May 28, 2012 2:41:58 AM org.artofsolving.jodconverter.office.OfficeConnection$1 disposing
INFO: disconnected: 'pipe,name=office1'
May 28, 2012 2:41:58 AM org.artofsolving.jodconverter.office.ManagedOfficeProcess doEnsureProcessExited
INFO: process exited with code 0
May 28, 2012 2:41:58 AM org.artofsolving.jodconverter.office.OfficeConnection$1 disposing
INFO: disconnected: 'pipe,name=office2'
May 28, 2012 2:41:58 AM org.artofsolving.jodconverter.office.ManagedOfficeProcess doEnsureProcessExited
INFO: process exited with code 0
May 28, 2012 2:41:58 AM org.artofsolving.jodconverter.office.OfficeConnection$1 disposing
INFO: disconnected: 'pipe,name=office3'
May 28, 2012 2:41:58 AM org.artofsolving.jodconverter.office.ManagedOfficeProcess doEnsureProcessExited
INFO: process exited with code 0
May 28, 2012 2:41:58 AM org.artofsolving.jodconverter.office.ProcessPoolOfficeManager stop
INFO: stopped
May 28, 2012 2:41:58 AM org.apache.coyote.http11.Http11Protocol destroy
INFO: Stopping Coyote HTTP/1.1 on http-8080
May 28, 2012 2:41:59 AM org.apache.catalina.core.AprLifecycleListener init
INFO: The APR based Apache Tomcat Native library which allows optimal performance in production environments was not found on the java.library.path: /usr/lib/libreoffice/basis-link/ure-link/lib:/home/iventio/jodconverter-webapp-build/lib/hyperic-sigar-1.6.5/sigar-bin/lib
May 28, 2012 2:41:59 AM org.apache.coyote.http11.Http11Protocol init
INFO: Initializing Coyote HTTP/1.1 on http-8080
May 28, 2012 2:41:59 AM org.apache.catalina.startup.Catalina load
INFO: Initialization processed in 366 ms
May 28, 2012 2:41:59 AM org.apache.catalina.core.StandardService start
INFO: Starting service Catalina
May 28, 2012 2:41:59 AM org.apache.catalina.core.StandardEngine start
INFO: Starting Servlet Engine: Apache Tomcat/6.0.18
May 28, 2012 2:41:59 AM org.apache.catalina.startup.HostConfig deployWAR
INFO: Deploying web application archive converter.war
May 28, 2012 2:41:59 AM org.artofsolving.jodconverter.sample.web.WebappContext <init>
INFO: max file upload size set to 5242880
May 28, 2012 2:41:59 AM org.artofsolving.jodconverter.sample.web.WebappContext <init>
INFO: Set the PIPE Protocol successfully
May 28, 2012 2:41:59 AM org.artofsolving.jodconverter.sample.web.WebappContext <init>
INFO: java.library.path=/usr/lib/libreoffice/basis-link/ure-link/lib:/home/iventio/jodconverter-webapp-build/lib/hyperic-sigar-1.6.5/sigar-bin/lib
May 28, 2012 2:41:59 AM org.artofsolving.jodconverter.sample.web.WebappContext <init>
INFO: java.class.path=:/home/iventio/jodconverter-webapp-build/jodconverter-tomcat-2.2.2/bin/bootstrap.jar
May 28, 2012 2:41:59 AM org.artofsolving.jodconverter.sample.web.WebappContext <init>
INFO: Loaded
May 28, 2012 2:41:59 AM org.artofsolving.jodconverter.sample.web.WebappContext <init>
INFO: 3
May 28, 2012 2:41:59 AM org.artofsolving.jodconverter.sample.web.WebappContext <init>
INFO: 2000000
May 28, 2012 2:41:59 AM org.artofsolving.jodconverter.sample.web.WebappContext <init>
INFO: 300000
May 28, 2012 2:41:59 AM org.artofsolving.jodconverter.sample.web.WebappContext <init>
INFO: 200
May 28, 2012 2:41:59 AM org.artofsolving.jodconverter.office.ProcessPoolOfficeManager <init>
INFO: ProcessManager implementation is SigarProcessManager
May 28, 2012 2:41:59 AM org.artofsolving.jodconverter.office.OfficeProcess start
INFO: starting process with acceptString 'pipe,name=office1' and profileDir '/home/iventio/jodconverter-webapp-build/jodconverter-tomcat-2.2.2/temp/.jodconverter_pipe_name-office1'
May 28, 2012 2:41:59 AM org.artofsolving.jodconverter.office.OfficeProcess start
INFO: started process; pid = 9341
May 28, 2012 2:42:00 AM org.artofsolving.jodconverter.office.OfficeConnection connect
INFO: connected: 'pipe,name=office1'
May 28, 2012 2:42:00 AM org.artofsolving.jodconverter.office.OfficeProcess start
INFO: starting process with acceptString 'pipe,name=office2' and profileDir '/home/iventio/jodconverter-webapp-build/jodconverter-tomcat-2.2.2/temp/.jodconverter_pipe_name-office2'
May 28, 2012 2:42:00 AM org.artofsolving.jodconverter.office.OfficeProcess start
INFO: started process; pid = 9353
May 28, 2012 2:42:01 AM org.artofsolving.jodconverter.office.OfficeConnection connect
INFO: connected: 'pipe,name=office2'
May 28, 2012 2:42:01 AM org.artofsolving.jodconverter.office.OfficeProcess start
INFO: starting process with acceptString 'pipe,name=office3' and profileDir '/home/iventio/jodconverter-webapp-build/jodconverter-tomcat-2.2.2/temp/.jodconverter_pipe_name-office3'
May 28, 2012 2:42:01 AM org.artofsolving.jodconverter.office.OfficeProcess start
INFO: started process; pid = 9365
May 28, 2012 2:42:02 AM org.artofsolving.jodconverter.office.OfficeConnection connect
INFO: connected: 'pipe,name=office3'
May 28, 2012 2:42:02 AM org.apache.coyote.http11.Http11Protocol start
INFO: Starting Coyote HTTP/1.1 on http-8080
May 28, 2012 2:42:02 AM org.apache.jk.common.ChannelSocket init
INFO: JK: ajp13 listening on /0.0.0.0:8009
May 28, 2012 2:42:02 AM org.apache.jk.server.JkMain start
INFO: Jk running ID=0 time=0/15  config=null
May 28, 2012 2:42:02 AM org.apache.catalina.startup.Catalina start
INFO: Server startup in 3670 ms
